<?xml version="1.0" encoding="UTF-8"?>
<testng-results ignored="0" total="1" passed="1" failed="0" skipped="0">
  <reporter-output>
  </reporter-output>
  <suite started-at="2022-08-02T12:12:03 IST" name="Default suite" finished-at="2022-08-02T12:12:07 IST" duration-ms="4470">
    <groups>
    </groups>
    <test started-at="2022-08-02T12:12:03 IST" name="Default test" finished-at="2022-08-02T12:12:07 IST" duration-ms="4470">
      <class name="pac.FBJava">
        <test-method signature="test1()[pri:0, instance:pac.FBJava@342c38f8]" started-at="2022-08-02T12:12:03 IST" name="test1" finished-at="2022-08-02T12:12:07 IST" duration-ms="4415" status="PASS">
          <reporter-output>
          </reporter-output>
        </test-method> <!-- test1 -->
      </class> <!-- pac.FBJava -->
    </test> <!-- Default test -->
  </suite> <!-- Default suite -->
</testng-results>
